<?xml version="1.0" encoding="UTF-8"?>
<!-- Generated by org.testng.reporters.JUnitXMLReporter -->
<testsuite hostname="Shubham" name="Validating Title" tests="1" failures="0" timestamp="28 Sep 2020 11:10:53 GMT" time="0.101" errors="0">
  <testcase name="@BeforeTest initialize" time="0.0" classname="store.ValidateTitle">
    <failure type="java.lang.IllegalStateException" message="The driver executable does not exist: D:\Jar Files\chromedriver.exe">
      <![CDATA[java.lang.IllegalStateException: The driver executable does not exist: D:\Jar Files\chromedriver.exe
	at com.google.common.base.Preconditions.checkState(Preconditions.java:199)
	at org.openqa.selenium.remote.service.DriverService.checkExecutable(DriverService.java:121)
	at org.openqa.selenium.remote.service.DriverService.findExecutable(DriverService.java:116)
	at org.openqa.selenium.chrome.ChromeDriverService.access$000(ChromeDriverService.java:32)
	at org.openqa.selenium.chrome.ChromeDriverService$Builder.findDefaultExecutable(ChromeDriverService.java:137)
	at org.openqa.selenium.remote.service.DriverService$Builder.build(DriverService.java:296)
	at org.openqa.selenium.chrome.ChromeDriverService.createDefaultService(ChromeDriverService.java:88)
	at org.openqa.selenium.chrome.ChromeDriver.<init>(ChromeDriver.java:116)
	at resources.Base.initializeDriver(Base.java:27)
	at store.ValidateTitle.initialize(ValidateTitle.java:19)
... Removed 22 stack frames]]>
    </failure>
  </testcase> <!-- @BeforeTest initialize -->
  <testcase name="@AfterTest teardown" time="0.0" classname="store.ValidateTitle">
    <skipped/>
  </testcase> <!-- @AfterTest teardown -->
  <testcase name="validating" time="0.001" classname="store.ValidateTitle">
    <skipped/>
  </testcase> <!-- validating -->
</testsuite> <!-- Validating Title -->
